app/build/intermediates/manifest_merge_blame_file/debug/manifest-merger-blame-debug-report.txt
1<?xml version="1.0" encoding="utf-8"?>
2<manifest xmlns:android="http://schemas.android.com/apk/res/android"
3    package="codewithcal.au.calendarappexample"
4    android:versionCode="1"
5    android:versionName="1.0" >
6
7    <uses-sdk
8        android:minSdkVersion="26"
8-->src\main\AndroidManifest.xml
9        android:targetSdkVersion="32" />
9-->src\main\AndroidManifest.xml
10
11    <uses-permission android:name="android.permission.INTERNET" />
11-->src\main\AndroidManifest.xml:5:5-67
11-->src\main\AndroidManifest.xml:5:22-64
12    <uses-permission android:name="android.permission.ACCESS_NETWORK_STATE" />
12-->src\main\AndroidManifest.xml:6:5-79
12-->src\main\AndroidManifest.xml:6:22-76
13
14    <application
14-->src\main\AndroidManifest.xml:8:5-56:19
15        android:allowBackup="true"
15-->src\main\AndroidManifest.xml:9:9-35
16        android:appComponentFactory="androidx.core.app.CoreComponentFactory"
16-->[androidx.core:core:1.3.1] AndroidManifest.xml:24:18-86
17        android:debuggable="true"
18        android:extractNativeLibs="false"
19        android:icon="@mipmap/ic_launcher"
19-->src\main\AndroidManifest.xml:10:9-43
20        android:label="PrioKid"
20-->src\main\AndroidManifest.xml:11:9-32
21        android:roundIcon="@mipmap/ic_launcher_round"
21-->src\main\AndroidManifest.xml:12:9-54
22        android:supportsRtl="true"
22-->src\main\AndroidManifest.xml:13:9-35
23        android:testOnly="true"
24        android:theme="@style/Theme.PrioKid1" >
24-->src\main\AndroidManifest.xml:14:9-46
25        <activity
25-->src\main\AndroidManifest.xml:15:9-17:40
26            android:name="codewithcal.au.calendarappexample.ChatViewActivity"
26-->src\main\AndroidManifest.xml:16:13-45
27            android:exported="false" />
27-->src\main\AndroidManifest.xml:17:13-37
28        <activity
28-->src\main\AndroidManifest.xml:18:9-20:40
29            android:name="codewithcal.au.calendarappexample.RestActivity"
29-->src\main\AndroidManifest.xml:19:13-41
30            android:exported="false" />
30-->src\main\AndroidManifest.xml:20:13-37
31        <activity
31-->src\main\AndroidManifest.xml:21:9-23:40
32            android:name="codewithcal.au.calendarappexample.PasswordActivity"
32-->src\main\AndroidManifest.xml:22:13-45
33            android:exported="false" />
33-->src\main\AndroidManifest.xml:23:13-37
34        <activity
34-->src\main\AndroidManifest.xml:24:9-26:40
35            android:name="codewithcal.au.calendarappexample.books.BookViewActivity"
35-->src\main\AndroidManifest.xml:25:13-51
36            android:exported="false" />
36-->src\main\AndroidManifest.xml:26:13-37
37        <activity
37-->src\main\AndroidManifest.xml:27:9-29:40
38            android:name="codewithcal.au.calendarappexample.books.BookDetails"
38-->src\main\AndroidManifest.xml:28:13-46
39            android:exported="false" />
39-->src\main\AndroidManifest.xml:29:13-37
40        <activity
40-->src\main\AndroidManifest.xml:30:9-32:40
41            android:name="codewithcal.au.calendarappexample.LoginActivity"
41-->src\main\AndroidManifest.xml:31:13-42
42            android:exported="false" />
42-->src\main\AndroidManifest.xml:32:13-37
43        <activity
43-->src\main\AndroidManifest.xml:33:9-35:40
44            android:name="codewithcal.au.calendarappexample.HistoryActivity"
44-->src\main\AndroidManifest.xml:34:13-44
45            android:exported="false" />
45-->src\main\AndroidManifest.xml:35:13-37
46        <activity
46-->src\main\AndroidManifest.xml:36:9-38:40
47            android:name="codewithcal.au.calendarappexample.AddChatActivity"
47-->src\main\AndroidManifest.xml:37:13-44
48            android:exported="false" />
48-->src\main\AndroidManifest.xml:38:13-37
49        <activity
49-->src\main\AndroidManifest.xml:40:9-48:20
50            android:name="codewithcal.au.calendarappexample.MainActivity"
50-->src\main\AndroidManifest.xml:41:13-41
51            android:exported="true" >
51-->src\main\AndroidManifest.xml:42:13-36
52            <intent-filter>
52-->src\main\AndroidManifest.xml:43:13-47:29
53                <action android:name="android.intent.action.MAIN" />
53-->src\main\AndroidManifest.xml:44:17-69
53-->src\main\AndroidManifest.xml:44:25-66
54
55                <category android:name="android.intent.category.LAUNCHER" />
55-->src\main\AndroidManifest.xml:46:17-77
55-->src\main\AndroidManifest.xml:46:27-74
56            </intent-filter>
57        </activity>
58        <activity
58-->src\main\AndroidManifest.xml:49:9-51:39
59            android:name="codewithcal.au.calendarappexample.DailyCalendarActivity"
59-->src\main\AndroidManifest.xml:50:13-50
60            android:exported="true" />
60-->src\main\AndroidManifest.xml:51:13-36
61        <activity android:name="codewithcal.au.calendarappexample.EventEditActivity" />
61-->src\main\AndroidManifest.xml:52:9-55
61-->src\main\AndroidManifest.xml:52:19-52
62        <activity android:name="codewithcal.au.calendarappexample.WeekViewActivity" />
62-->src\main\AndroidManifest.xml:53:9-54
62-->src\main\AndroidManifest.xml:53:19-51
63        <activity android:name="codewithcal.au.calendarappexample.CalendarViewActivity" />
63-->src\main\AndroidManifest.xml:54:9-58
63-->src\main\AndroidManifest.xml:54:19-55
64        <activity android:name="codewithcal.au.calendarappexample.AddEditEventHistoryActivity" />
64-->src\main\AndroidManifest.xml:55:9-65
64-->src\main\AndroidManifest.xml:55:19-62
65
66        <provider
66-->[com.squareup.picasso:picasso:2.71828] AndroidManifest.xml:8:9-11:40
67            android:name="com.squareup.picasso.PicassoProvider"
67-->[com.squareup.picasso:picasso:2.71828] AndroidManifest.xml:9:13-64
68            android:authorities="codewithcal.au.calendarappexample.com.squareup.picasso"
68-->[com.squareup.picasso:picasso:2.71828] AndroidManifest.xml:10:13-72
69            android:exported="false" />
69-->[com.squareup.picasso:picasso:2.71828] AndroidManifest.xml:11:13-37
70
71        <service
71-->[androidx.room:room-runtime:2.4.3] AndroidManifest.xml:25:9-28:40
72            android:name="androidx.room.MultiInstanceInvalidationService"
72-->[androidx.room:room-runtime:2.4.3] AndroidManifest.xml:26:13-74
73            android:directBootAware="true"
73-->[androidx.room:room-runtime:2.4.3] AndroidManifest.xml:27:13-43
74            android:exported="false" />
74-->[androidx.room:room-runtime:2.4.3] AndroidManifest.xml:28:13-37
75
76        <provider
76-->[androidx.lifecycle:lifecycle-process:2.1.0] AndroidManifest.xml:23:9-27:43
77            android:name="androidx.lifecycle.ProcessLifecycleOwnerInitializer"
77-->[androidx.lifecycle:lifecycle-process:2.1.0] AndroidManifest.xml:24:13-79
78            android:authorities="codewithcal.au.calendarappexample.lifecycle-process"
78-->[androidx.lifecycle:lifecycle-process:2.1.0] AndroidManifest.xml:25:13-69
79            android:exported="false"
79-->[androidx.lifecycle:lifecycle-process:2.1.0] AndroidManifest.xml:26:13-37
80            android:multiprocess="true" />
80-->[androidx.lifecycle:lifecycle-process:2.1.0] AndroidManifest.xml:27:13-40
81    </application>
82
83</manifest>